<?xml version="1.0" encoding="UTF-8"?>
<testng-results skipped="0" failed="0" ignored="0" total="1" passed="1">
  <reporter-output>
  </reporter-output>
  <suite name="Default suite" duration-ms="220726" started-at="2017-04-20T06:30:48Z" finished-at="2017-04-20T06:34:29Z">
    <groups>
    </groups>
    <test name="Default test" duration-ms="220726" started-at="2017-04-20T06:30:48Z" finished-at="2017-04-20T06:34:29Z">
      <class name="CH.Register">
        <test-method status="PASS" signature="setUpNew()[pri:0, instance:CH.Register@7f552bd3]" name="setUpNew" is-config="true" duration-ms="61902" started-at="2017-04-20T12:00:48Z" finished-at="2017-04-20T12:01:50Z">
          <reporter-output>
          </reporter-output>
        </test-method> <!-- setUpNew -->
        <test-method status="PASS" signature="registerForm()[pri:0, instance:CH.Register@7f552bd3]" name="registerForm" duration-ms="143720" started-at="2017-04-20T12:01:50Z" finished-at="2017-04-20T12:04:14Z">
          <reporter-output>
          </reporter-output>
        </test-method> <!-- registerForm -->
        <test-method status="PASS" signature="tearDown(org.testng.ITestResult)[pri:0, instance:CH.Register@7f552bd3]" name="tearDown" is-config="true" duration-ms="0" started-at="2017-04-20T12:04:14Z" finished-at="2017-04-20T12:04:14Z">
          <params>
            <param index="0">
              <value>
                <![CDATA[[TestResult name=registerForm status=SUCCESS method=Register.registerForm()[pri:0, instance:CH.Register@7f552bd3] output={null}]]]>
              </value>
            </param>
          </params>
          <reporter-output>
          </reporter-output>
        </test-method> <!-- tearDown -->
        <test-method status="PASS" signature="end()[pri:0, instance:CH.Register@7f552bd3]" name="end" is-config="true" duration-ms="15079" started-at="2017-04-20T12:04:14Z" finished-at="2017-04-20T12:04:29Z">
          <reporter-output>
          </reporter-output>
        </test-method> <!-- end -->
      </class> <!-- CH.Register -->
    </test> <!-- Default test -->
  </suite> <!-- Default suite -->
</testng-results>
